[[1;34mINFO[m] Scanning for projects...
[[1;34mINFO[m] 
[[1;34mINFO[m] [1m------------------------< [0;36mtech.derbent:derbent[0;1m >------------------------[m
[[1;34mINFO[m] [1mBuilding Derbent 1.0-SNAPSHOT[m
[[1;34mINFO[m] [1m--------------------------------[ jar ]---------------------------------[m
[[1;34mINFO[m] 
[[1;34mINFO[m] [1m--- [0;32mmaven-resources-plugin:3.3.1:resources[m [1m(default-resources)[m @ [36mderbent[0;1m ---[m
[[1;34mINFO[m] Copying 4 resources from src/main/resources to target/classes
[[1;34mINFO[m] Copying 4 resources from src/main/resources to target/classes
[[1;34mINFO[m] 
[[1;34mINFO[m] [1m--- [0;32mmaven-compiler-plugin:3.14.0:compile[m [1m(default-compile)[m @ [36mderbent[0;1m ---[m
[[1;34mINFO[m] Nothing to compile - all classes are up to date.
[[1;34mINFO[m] 
[[1;34mINFO[m] [1m--- [0;32mmaven-resources-plugin:3.3.1:testResources[m [1m(default-testResources)[m @ [36mderbent[0;1m ---[m
[[1;34mINFO[m] Copying 3 resources from src/test/resources to target/test-classes
[[1;34mINFO[m] 
[[1;34mINFO[m] [1m--- [0;32mmaven-compiler-plugin:3.14.0:testCompile[m [1m(default-testCompile)[m @ [36mderbent[0;1m ---[m
[[1;34mINFO[m] Nothing to compile - all classes are up to date.
[[1;34mINFO[m] 
[[1;34mINFO[m] [1m--- [0;32mmaven-surefire-plugin:3.5.3:test[m [1m(default-test)[m @ [36mderbent[0;1m ---[m
[[1;34mINFO[m] Using auto detected provider org.apache.maven.surefire.junitplatform.JUnitPlatformProvider
[[1;34mINFO[m] 
[[1;34mINFO[m] -------------------------------------------------------
[[1;34mINFO[m]  T E S T S
[[1;34mINFO[m] -------------------------------------------------------
[[1;34mINFO[m] Running automated_tests.tech.derbent.ui.automation.[1mCMenuNavigationTest[m
11:58:37.224 [main] INFO org.springframework.boot.devtools.restart.RestartApplicationListener -- Restart disabled due to System property 'spring.devtools.restart.enabled' being set to false
[35m11:58:39.6[0;39m [33mWARN [0;39m ([36mPostProcessorRegistrationDelegate.java:437[0;39m) [31mBean 'CLayoutService' of type [tech.derbent.base.session.service.CLayoutService] is not eligible for getting processed by all BeanPostProcessors (for example: not eligible for auto-proxying). Is this bean getting eagerly injected/applied to a currently created BeanPostProcessor [layoutServiceInjector]? Check the corresponding BeanPostProcessor declaration and its dependencies/advisors. If this bean does not have to be post-processed, declare it with ROLE_INFRASTRUCTURE.[0;39m [36mtrationDelegate$BeanPostProcessorChecker[0;39m
[35m11:58:44.3[0;39m [32mINFO [0;39m ([36mVaadinConfig.java:21[0;39m) [31mConfiguring Atmosphere system properties to prevent WebSocket initialization issues...[0;39m [36mtech.derbent.api.config.VaadinConfig    [0;39m
[35m11:58:46.7[0;39m [32mINFO [0;39m ([36mCPageMenuIntegrationService.java:30[0;39m) [31mCPageMenuIntegrationService initialized[0;39m [36mt.d.a.p.s.CPageMenuIntegrationService   [0;39m
[35m11:58:47.3[0;39m [32mINFO [0;39m ([36mUserServiceConfiguration.java:26[0;39m) [31mUserServiceConfiguration: Successfully configured CUserService with CSessionService[0;39m [36mt.d.b.u.config.UserServiceConfiguration [0;39m
[35m11:58:47.4[0;39m [33mWARN [0;39m ([36mInitializeUserDetailsBeanManagerConfigurer.java:87[0;39m) [31mFound 2 UserDetailsService beans, with names [CUserService, userDetailsService]. Global Authentication Manager will not use a UserDetailsService for username/password login. Consider publishing a single UserDetailsService bean.[0;39m [36mr$InitializeUserDetailsManagerConfigurer[0;39m
[35m11:58:47.7[0;39m [33mWARN [0;39m ([36mJpaBaseConfiguration.java:258[0;39m) [31mspring.jpa.open-in-view is enabled by default. Therefore, database queries may be performed during view rendering. Explicitly configure spring.jpa.open-in-view to disable this warning[0;39m [36mJpaBaseConfiguration$JpaWebConfiguration[0;39m
[35m11:58:52.5[0;39m [32mINFO [0;39m ([36mCEntityRegistryInitializer.java:36[0;39m) [31mInitializing entity registry...[0;39m [36mt.d.a.r.CEntityRegistryInitializer      [0;39m
[35m11:58:52.5[0;39m [32mINFO [0;39m ([36mCEntityRegistry.java:52[0;39m) [31mEntity registry cleared[0;39m [36mt.derbent.api.registry.CEntityRegistry  [0;39m
[35m11:58:52.5[0;39m [32mINFO [0;39m ([36mCEntityRegistryInitializer.java:23[0;39m) [31mFound 60 IEntityRegistrable beans to register[0;39m [36mt.d.a.r.CEntityRegistryInitializer      [0;39m
[35m11:58:52.5[0;39m [32mINFO [0;39m ([36mCEntityRegistryInitializer.java:40[0;39m) [31mEntity registry initialized successfully with 59 entities[0;39m [36mt.d.a.r.CEntityRegistryInitializer      [0;39m
